2013-06-04 18:56:17,079 [main] INFO  org.red5.server.Launcher - Red5 Server 1.0.0 $Rev: 4450 $ (http://code.google.com/p/red5/)
2013-06-04 18:56:17,181 [main] INFO  o.s.c.s.FileSystemXmlApplicationContext - Refreshing org.springframework.context.support.FileSystemXmlApplicationContext@2c5be151: startup date [Tue Jun 04 18:56:17 KST 2013]; root of context hierarchy
2013-06-04 18:56:17,250 [main] INFO  o.s.b.f.xml.XmlBeanDefinitionReader - Loading XML bean definitions from class path resource [red5.xml]
2013-06-04 18:56:17,529 [main] INFO  o.s.b.f.xml.XmlBeanDefinitionReader - Loading XML bean definitions from class path resource [jee-container.xml]
2013-06-04 18:56:17,682 [main] INFO  o.s.b.f.c.PropertyPlaceholderConfigurer - Loading properties file from class path resource [red5.properties]
2013-06-04 18:56:17,693 [main] INFO  o.s.b.f.s.DefaultListableBeanFactory - Pre-instantiating singletons in org.springframework.beans.factory.support.DefaultListableBeanFactory@6752c50: defining beans [placeholderConfig,red5.common,red5.core,context.loader,pluginLauncher,tomcat.server]; root of factory hierarchy
2013-06-04 18:56:17,725 [main] INFO  o.s.c.s.FileSystemXmlApplicationContext - Refreshing org.springframework.context.support.FileSystemXmlApplicationContext@62fe437f: startup date [Tue Jun 04 18:56:17 KST 2013]; root of context hierarchy
2013-06-04 18:56:17,727 [main] INFO  o.s.b.f.xml.XmlBeanDefinitionReader - Loading XML bean definitions from class path resource [red5-common.xml]
2013-06-04 18:56:17,865 [main] INFO  o.s.b.f.c.PropertyPlaceholderConfigurer - Loading properties file from class path resource [red5.properties]
2013-06-04 18:56:17,875 [main] INFO  o.s.b.f.s.DefaultListableBeanFactory - Pre-instantiating singletons in org.springframework.beans.factory.support.DefaultListableBeanFactory@75197422: defining beans [placeholderConfig,red5.server,rmiRegistry,mbeanServer,org.springframework.jmx.support.ConnectorServerFactoryBean#0,mbeanExporter,serializer,deserializer,minaEncoder,minaDecoder,statusObjectService,rtmpCodecFactory,rtmptCodecFactory,remotingCodecFactory,streamableFileFactory,filePersistenceThread,sharedObjectService,streamService,providerService,consumerService,schedulingService,warDeployService,remotingClient,object.cache,keyframe.cache,flv.impl,flvreader.impl,mp4reader.impl,mp3reader.impl,org.springframework.beans.factory.config.MethodInvokingFactoryBean#0,org.springframework.beans.factory.config.MethodInvokingFactoryBean#1,streamExecutor,fileConsumer,playlistSubscriberStream,clientBroadcastStream]; root of factory hierarchy
2013-06-04 18:56:17,898 [main] INFO  o.s.r.rmi.RmiRegistryFactoryBean - Creating new RMI registry
2013-06-04 18:57:36,304 [main] INFO  o.s.j.s.ConnectorServerFactoryBean - JMX connector server started: javax.management.remote.rmi.RMIConnectorServer@4c27e49d
2013-06-04 18:57:36,336 [main] INFO  o.s.j.e.a.AnnotationMBeanExporter - Registering beans for JMX exposure on startup
2013-06-04 18:57:36,338 [main] INFO  o.s.j.e.a.AnnotationMBeanExporter - Bean with name 'org.springframework.jmx.support.ConnectorServerFactoryBean#0' has been autodetected for JMX exposure
2013-06-04 18:57:36,438 [main] INFO  o.quartz.core.SchedulerSignalerImpl - Initialized Scheduler Signaller of type: class org.quartz.core.SchedulerSignalerImpl
2013-06-04 18:57:36,439 [main] INFO  org.quartz.core.QuartzScheduler - Quartz Scheduler v.1.8.5 created.
2013-06-04 18:57:36,441 [main] INFO  org.quartz.simpl.RAMJobStore - RAMJobStore initialized.
2013-06-04 18:57:36,442 [main] INFO  org.quartz.core.QuartzScheduler - Scheduler meta-data: Quartz Scheduler (v1.8.5) 'Red5_Scheduler' with instanceId 'Baek-ui-MacBook-Pro.local1370339856415'
  Scheduler class: 'org.quartz.core.QuartzScheduler' - running locally.
  NOT STARTED.
  Currently in standby mode.
  Number of jobs executed: 0
  Using thread pool 'org.quartz.simpl.SimpleThreadPool' - with 4 threads.
  Using job-store 'org.quartz.simpl.RAMJobStore' - which does not support persistence. and is not clustered.

2013-06-04 18:57:36,442 [main] INFO  org.quartz.impl.StdSchedulerFactory - Quartz scheduler 'Red5_Scheduler' initialized from default resource file in Quartz package: 'quartz.properties'
2013-06-04 18:57:36,442 [main] INFO  org.quartz.impl.StdSchedulerFactory - Quartz scheduler version: 1.8.5
2013-06-04 18:57:36,442 [main] INFO  org.quartz.core.QuartzScheduler - Scheduler Red5_Scheduler_$_Baek-ui-MacBook-Pro.local1370339856415 started.
2013-06-04 18:57:36,442 [main] INFO  o.s.j.e.a.AnnotationMBeanExporter - Bean with name 'schedulingService' has been autodetected for JMX exposure
2013-06-04 18:57:36,466 [main] INFO  o.s.j.e.a.AnnotationMBeanExporter - Bean with name 'clientBroadcastStream' has been autodetected for JMX exposure
2013-06-04 18:57:36,496 [main] INFO  o.s.j.e.a.AnnotationMBeanExporter - Located MBean 'org.springframework.jmx.support.ConnectorServerFactoryBean#0': registering with JMX server as MBean [org.red5.server:name=org.springframework.jmx.support.ConnectorServerFactoryBean#0,type=RMIConnectorServer]
2013-06-04 18:57:36,498 [main] INFO  o.s.j.e.a.AnnotationMBeanExporter - Located MBean 'schedulingService': registering with JMX server as MBean [org.red5.server:name=schedulingService,type=QuartzSchedulingService]
2013-06-04 18:57:36,971 [main] INFO  org.red5.server.service.WarDeployer - War deployer service created
2013-06-04 18:57:37,055 [main] INFO  o.s.c.s.FileSystemXmlApplicationContext - Refreshing org.springframework.context.support.FileSystemXmlApplicationContext@3e77b29a: startup date [Tue Jun 04 18:57:37 KST 2013]; parent: ApplicationContext 'red5.common'
2013-06-04 18:57:37,057 [main] INFO  o.s.b.f.xml.XmlBeanDefinitionReader - Loading XML bean definitions from class path resource [red5-core.xml]
2013-06-04 18:57:37,122 [main] INFO  o.s.b.f.c.PropertyPlaceholderConfigurer - Loading properties file from class path resource [red5.properties]
2013-06-04 18:57:37,131 [main] INFO  o.s.b.f.s.DefaultListableBeanFactory - Pre-instantiating singletons in org.springframework.beans.factory.support.DefaultListableBeanFactory@72095d96: defining beans [customEditorConfigurer,placeholderConfig,rtmpMinaConnManager,rtmpHandler,rtmpMinaIoHandler,rtmpTransport,rtmpMinaConnection,rtmptConnManager,rtmptHandler,rtmptServlet,rtmptConnection]; parent: org.springframework.beans.factory.support.DefaultListableBeanFactory@75197422
2013-06-04 18:57:37,166 [main] INFO  o.r.s.net.rtmp.RTMPMinaTransport - RTMP Mina Transport bound to /0.0.0.0:1935
2013-06-04 18:57:37,166 [main] INFO  o.r.s.net.rtmp.RTMPMinaTransport - RTMP Mina Transport Settings
2013-06-04 18:57:37,167 [main] INFO  o.r.s.net.rtmp.RTMPMinaTransport - I/O Threads: 16
2013-06-04 18:57:37,233 [main] INFO  o.r.s.n.f.IoEventQueueThrottler - IoEventQueueThrottle created
2013-06-04 18:57:37,234 [main] INFO  o.r.s.net.rtmp.RTMPMinaTransport - TCP No Delay: true
2013-06-04 18:57:37,235 [main] INFO  o.r.s.net.rtmp.RTMPMinaTransport - Settings - send buffer size: 65536 recv buffer size: 65536 so linger: -1 traffic class: 24
2013-06-04 18:57:37,300 [main] INFO  org.red5.server.ContextLoader - ContextLoader init
2013-06-04 18:57:37,305 [main] INFO  org.red5.server.ContextLoader - Loading: default.context = ${red5.root}/webapps/red5-default.xml => /Applications/Red5/webapps/red5-default.xml
2013-06-04 18:57:37,306 [main] INFO  o.s.c.s.FileSystemXmlApplicationContext - Refreshing org.springframework.context.support.FileSystemXmlApplicationContext@34c5d0cc: startup date [Tue Jun 04 18:57:37 KST 2013]; parent: ApplicationContext 'red5.common'
2013-06-04 18:57:37,309 [main] INFO  o.s.b.f.xml.XmlBeanDefinitionReader - Loading XML bean definitions from URL [file:/Applications/Red5/webapps/red5-default.xml]
2013-06-04 18:57:37,353 [main] INFO  o.s.b.f.s.DefaultListableBeanFactory - Pre-instantiating singletons in org.springframework.beans.factory.support.DefaultListableBeanFactory@41d85e69: defining beans [global.clientRegistry,global.serviceInvoker,global.mappingStrategy,global.context,global.handler,global.scope,red5.scopeResolver]; parent: org.springframework.beans.factory.support.DefaultListableBeanFactory@75197422
2013-06-04 18:57:37,412 [main] INFO  org.red5.server.Context - Setting parent bean factory as core
2013-06-04 18:57:37,593 [main] INFO  org.red5.server.tomcat.TomcatLoader - Setting connector: org.apache.catalina.connector.Connector
2013-06-04 18:57:37,593 [main] INFO  org.red5.server.tomcat.TomcatLoader - Address to bind: /0.0.0.0:5080
2013-06-04 18:57:37,593 [main] INFO  org.red5.server.tomcat.TomcatLoader - Loading tomcat context
2013-06-04 18:57:37,593 [main] INFO  org.red5.server.tomcat.TomcatLoader - Server root: /Applications/Red5
2013-06-04 18:57:37,593 [main] INFO  org.red5.server.tomcat.TomcatLoader - Config root: /Applications/Red5/conf
2013-06-04 18:57:37,611 [main] INFO  org.red5.server.tomcat.TomcatLoader - Application root: /Applications/Red5/webapps
2013-06-04 18:57:37,673 [main] INFO  org.red5.server.tomcat.TomcatLoader - Starting Tomcat servlet engine
2013-06-04 18:57:37,674 [main] INFO  o.apache.catalina.startup.Embedded - Starting tomcat server
2013-06-04 18:57:37,752 [main] INFO  o.a.catalina.core.StandardEngine - Starting Servlet Engine: Apache Tomcat/6.0.36
2013-06-04 18:57:37,913 [main] INFO  org.apache.catalina.realm.JAASRealm - Set JAAS app name red5Engine
2013-06-04 18:57:38,517 [main] INFO  o.a.tomcat.util.net.NioSelectorPool - Using a shared selector for servlet write/read
2013-06-04 18:57:38,522 [main] INFO  o.a.coyote.http11.Http11NioProtocol - Initializing Coyote HTTP/1.1 on http-0.0.0.0-5080
2013-06-04 18:57:38,538 [main] INFO  o.a.coyote.http11.Http11NioProtocol - Starting Coyote HTTP/1.1 on http-0.0.0.0-5080
2013-06-04 18:57:38,550 [main] INFO  org.red5.server.tomcat.TomcatLoader - Dedicated RTMPT server configuration was not specified
2013-06-04 18:57:38,562 [Launcher:/Red5StreamRepeater] INFO  o.s.w.c.s.XmlWebApplicationContext - Refreshing Root WebApplicationContext: startup date [Tue Jun 04 18:57:38 KST 2013]; parent: org.springframework.context.support.FileSystemXmlApplicationContext@34c5d0cc
2013-06-04 18:57:38,562 [Launcher:/installer] INFO  o.s.w.c.s.XmlWebApplicationContext - Refreshing Root WebApplicationContext: startup date [Tue Jun 04 18:57:38 KST 2013]; parent: org.springframework.context.support.FileSystemXmlApplicationContext@34c5d0cc
2013-06-04 18:57:38,562 [Launcher:/Red5Repeater] INFO  o.s.w.c.s.XmlWebApplicationContext - Refreshing Root WebApplicationContext: startup date [Tue Jun 04 18:57:38 KST 2013]; parent: org.springframework.context.support.FileSystemXmlApplicationContext@34c5d0cc
2013-06-04 18:57:38,562 [Launcher:/] INFO  o.s.w.c.s.XmlWebApplicationContext - Refreshing Root WebApplicationContext: startup date [Tue Jun 04 18:57:38 KST 2013]; parent: org.springframework.context.support.FileSystemXmlApplicationContext@34c5d0cc
2013-06-04 18:57:38,562 [Launcher:/vod] INFO  o.s.w.c.s.XmlWebApplicationContext - Refreshing Root WebApplicationContext: startup date [Tue Jun 04 18:57:38 KST 2013]; parent: org.springframework.context.support.FileSystemXmlApplicationContext@34c5d0cc
2013-06-04 18:57:38,562 [Launcher:/live] INFO  o.s.w.c.s.XmlWebApplicationContext - Refreshing Root WebApplicationContext: startup date [Tue Jun 04 18:57:38 KST 2013]; parent: org.springframework.context.support.FileSystemXmlApplicationContext@34c5d0cc
2013-06-04 18:57:38,569 [Launcher:/vod] INFO  o.s.b.f.xml.XmlBeanDefinitionReader - Loading XML bean definitions from ServletContext resource [/WEB-INF/red5-web.xml]
2013-06-04 18:57:38,569 [Launcher:/] INFO  o.s.b.f.xml.XmlBeanDefinitionReader - Loading XML bean definitions from ServletContext resource [/WEB-INF/red5-web.xml]
2013-06-04 18:57:38,569 [Launcher:/installer] INFO  o.s.b.f.xml.XmlBeanDefinitionReader - Loading XML bean definitions from ServletContext resource [/WEB-INF/red5-web.xml]
2013-06-04 18:57:38,570 [Launcher:/live] INFO  o.s.b.f.xml.XmlBeanDefinitionReader - Loading XML bean definitions from ServletContext resource [/WEB-INF/red5-web.xml]
2013-06-04 18:57:38,570 [Launcher:/Red5Repeater] INFO  o.s.b.f.xml.XmlBeanDefinitionReader - Loading XML bean definitions from ServletContext resource [/WEB-INF/red5-web.xml]
2013-06-04 18:57:38,571 [Launcher:/Red5StreamRepeater] INFO  o.s.b.f.xml.XmlBeanDefinitionReader - Loading XML bean definitions from ServletContext resource [/WEB-INF/red5-web.xml]
2013-06-04 18:57:38,625 [Launcher:/] INFO  o.s.b.f.c.PropertyPlaceholderConfigurer - Loading properties file from ServletContext resource [/WEB-INF/red5-web.properties]
2013-06-04 18:57:38,646 [Launcher:/live] INFO  o.s.b.f.c.PropertyPlaceholderConfigurer - Loading properties file from ServletContext resource [/WEB-INF/red5-web.properties]
2013-06-04 18:57:38,651 [Launcher:/installer] INFO  o.s.b.f.c.PropertyPlaceholderConfigurer - Loading properties file from ServletContext resource [/WEB-INF/red5-web.properties]
2013-06-04 18:57:38,652 [Launcher:/vod] INFO  o.s.b.f.c.PropertyPlaceholderConfigurer - Loading properties file from ServletContext resource [/WEB-INF/red5-web.properties]
2013-06-04 18:57:38,652 [Launcher:/Red5StreamRepeater] INFO  o.s.b.f.c.PropertyPlaceholderConfigurer - Loading properties file from ServletContext resource [/WEB-INF/red5-web.properties]
2013-06-04 18:57:38,652 [Launcher:/Red5Repeater] INFO  o.s.b.f.c.PropertyPlaceholderConfigurer - Loading properties file from ServletContext resource [/WEB-INF/red5-web.properties]
2013-06-04 18:57:38,655 [Launcher:/] INFO  o.s.b.f.s.DefaultListableBeanFactory - Pre-instantiating singletons in org.springframework.beans.factory.support.DefaultListableBeanFactory@6c178eb9: defining beans [placeholderConfig,web.context,web.scope]; parent: org.springframework.beans.factory.support.DefaultListableBeanFactory@41d85e69
2013-06-04 18:57:38,656 [Launcher:/live] INFO  o.s.b.f.s.DefaultListableBeanFactory - Pre-instantiating singletons in org.springframework.beans.factory.support.DefaultListableBeanFactory@5612129: defining beans [placeholderConfig,web.context,web.scope,web.handler]; parent: org.springframework.beans.factory.support.DefaultListableBeanFactory@41d85e69
2013-06-04 18:57:38,657 [Launcher:/vod] INFO  o.s.b.f.s.DefaultListableBeanFactory - Pre-instantiating singletons in org.springframework.beans.factory.support.DefaultListableBeanFactory@474b8734: defining beans [placeholderConfig,web.context,web.scope,web.handler]; parent: org.springframework.beans.factory.support.DefaultListableBeanFactory@41d85e69
2013-06-04 18:57:38,659 [Launcher:/Red5Repeater] INFO  o.s.b.f.s.DefaultListableBeanFactory - Pre-instantiating singletons in org.springframework.beans.factory.support.DefaultListableBeanFactory@4b177e75: defining beans [placeholderConfig,web.context,web.scope,web.handler]; parent: org.springframework.beans.factory.support.DefaultListableBeanFactory@41d85e69
2013-06-04 18:57:38,659 [Launcher:/Red5StreamRepeater] INFO  o.s.b.f.s.DefaultListableBeanFactory - Pre-instantiating singletons in org.springframework.beans.factory.support.DefaultListableBeanFactory@50b7ae59: defining beans [placeholderConfig,web.context,web.scope,web.handler]; parent: org.springframework.beans.factory.support.DefaultListableBeanFactory@41d85e69
2013-06-04 18:57:38,660 [Launcher:/installer] INFO  o.s.b.f.s.DefaultListableBeanFactory - Pre-instantiating singletons in org.springframework.beans.factory.support.DefaultListableBeanFactory@69fc38c0: defining beans [placeholderConfig,web.context,web.scope,web.handler,installer.service]; parent: org.springframework.beans.factory.support.DefaultListableBeanFactory@41d85e69
2013-06-04 18:57:38,663 [Launcher:/Red5Repeater] INFO  o.s.b.f.s.DefaultListableBeanFactory - Destroying singletons in org.springframework.beans.factory.support.DefaultListableBeanFactory@4b177e75: defining beans [placeholderConfig,web.context,web.scope,web.handler]; parent: org.springframework.beans.factory.support.DefaultListableBeanFactory@41d85e69
2013-06-04 18:57:38,667 [Launcher:/] INFO  org.red5.server.Context - Setting parent bean factory as core
2013-06-04 18:57:38,667 [Launcher:/vod] INFO  org.red5.server.Context - Setting parent bean factory as core
2013-06-04 18:57:38,667 [Launcher:/live] INFO  org.red5.server.Context - Setting parent bean factory as core
2013-06-04 18:57:38,669 [Launcher:/Red5StreamRepeater] INFO  org.red5.server.Context - Setting parent bean factory as core
2013-06-04 18:57:38,670 [Launcher:/installer] INFO  org.red5.server.Context - Setting parent bean factory as core
2013-06-04 18:57:38,715 [Launcher:/] INFO  org.red5.server.scope.WebScope - Set server [Server@6e7b04acmap[[empty]]]
2013-06-04 18:57:38,719 [Launcher:/installer] INFO  org.red5.server.scope.WebScope - Set server [Server@6e7b04acmap[[empty]]]
2013-06-04 18:57:38,719 [Launcher:/live] INFO  org.red5.server.scope.WebScope - Set server [Server@6e7b04acmap[[empty]]]
2013-06-04 18:57:38,720 [Launcher:/vod] INFO  org.red5.server.scope.WebScope - Set server [Server@6e7b04acmap[[empty]]]
2013-06-04 18:57:38,720 [Launcher:/Red5StreamRepeater] INFO  org.red5.server.scope.WebScope - Set server [Server@6e7b04acmap[[empty]]]
2013-06-04 18:57:38,723 [Launcher:/] INFO  org.red5.server.Server - Add mapping global: default host:  context: 
2013-06-04 18:57:38,723 [Launcher:/] WARN  org.red5.server.scope.Scope - Invalid scope was not added: [WebScope@21a34a66 Depth = 1, Path = '/default', Name = '']
2013-06-04 18:57:38,725 [Launcher:/Red5StreamRepeater] INFO  org.red5.server.Server - Add mapping global: default host: localhost context: Red5StreamRepeater
2013-06-04 18:57:38,725 [Launcher:/vod] INFO  org.red5.server.Server - Add mapping global: default host:  context: vod
2013-06-04 18:57:38,726 [Launcher:/live] INFO  org.red5.server.Server - Add mapping global: default host:  context: live
2013-06-04 18:57:38,726 [Launcher:/Red5StreamRepeater] INFO  org.red5.server.Server - Add mapping global: default host: 127.0.0.1 context: Red5StreamRepeater
2013-06-04 18:57:38,726 [Launcher:/installer] INFO  org.red5.server.Server - Add mapping global: default host: localhost context: installer
2013-06-04 18:57:38,726 [Launcher:/Red5StreamRepeater] INFO  org.red5.server.Server - Add mapping global: default host: 192.168.1.2 context: Red5StreamRepeater
2013-06-04 18:57:38,726 [Launcher:/installer] INFO  org.red5.server.Server - Add mapping global: default host: localhost:5080 context: installer
2013-06-04 18:57:38,741 [Launcher:/installer] INFO  org.red5.server.service.Installer - Installer service created
2013-06-04 18:57:54,667 [pool-8-thread-2] INFO  o.r.s.n.r.codec.RTMPProtocolDecoder - Action connect
2013-06-04 18:57:54,671 [pool-8-thread-2] INFO  o.r.server.net.rtmp.RTMPConnection - Setting object encoding to AMF3
2013-06-04 18:57:54,671 [pool-8-thread-2] INFO  o.red5.server.net.rtmp.RTMPHandler - Connecting to: [WebScope@368c820e Depth = 1, Path = '/default', Name = 'Red5StreamRepeater']
2013-06-04 18:57:56,332 [pool-8-thread-1] INFO  o.red5.server.net.rtmp.RTMPHandler - Remembering client buffer on stream: 3000
2013-06-04 18:57:57,021 [pool-5-thread-1] INFO  org.red5.core.Application - W3C x-category:stream x-event:play c-ip:0:0:0:0:0:0:0:1 x-sname:e92acfc4-3737-42f4-8b5b-37e38bc48d3a
2013-06-04 18:57:57,025 [pool-8-thread-2] INFO  o.r.server.stream.ProviderService - Exception attempting to lookup file: ServletContext resource [/streams/Red5StreamRepeater.flv] cannot be resolved to URL because it does not exist
2013-06-04 18:57:57,043 [pool-5-thread-1] INFO  org.red5.core.Application - W3C x-category:stream x-event:play c-ip:0:0:0:0:0:0:0:1 x-sname:e92acfc4-3737-42f4-8b5b-37e38bc48d3a x-name:Red5StreamRepeater
2013-06-04 18:58:00,274 [pool-5-thread-2] INFO  org.red5.core.Application - W3C x-category:stream x-event:stop c-ip:0:0:0:0:0:0:0:1 cs-bytes:3848 sc-bytes:123586 x-sname:e92acfc4-3737-42f4-8b5b-37e38bc48d3a
2013-06-04 18:58:00,275 [pool-8-thread-1] INFO  org.red5.core.Application - W3C x-category:session x-event:disconnect c-ip:0:0:0:0:0:0:0:1 c-client-id:0
